<?xml version="1.0" encoding="UTF-8"?>
<coverage generated="1705590650244" clover="3.2.0">
  <project timestamp="1705590650245" name="All files">
    <metrics statements="49" coveredstatements="49" conditionals="22" coveredconditionals="21" methods="12" coveredmethods="12" elements="83" coveredelements="82" complexity="0" loc="49" ncloc="49" packages="1" files="2" classes="2"/>
    <file name="Board.tsx" path="/Users/ericagugliemella/Projects/Stomping Ground/react-native/tic-tac-toe/components/Board.tsx">
      <metrics statements="38" coveredstatements="38" conditionals="17" coveredconditionals="17" methods="10" coveredmethods="10"/>
      <line num="5" count="1" type="stmt"/>
      <line num="6" count="31" type="stmt"/>
      <line num="12" count="31" type="stmt"/>
      <line num="13" count="31" type="stmt"/>
      <line num="16" count="31" type="stmt"/>
      <line num="17" count="22" type="cond" truecount="2" falsecount="0"/>
      <line num="18" count="21" type="stmt"/>
      <line num="19" count="21" type="stmt"/>
      <line num="20" count="21" type="stmt"/>
      <line num="21" count="21" type="cond" truecount="2" falsecount="0"/>
      <line num="26" count="31" type="stmt"/>
      <line num="27" count="279" type="stmt"/>
      <line num="33" count="22" type="stmt"/>
      <line num="39" count="31" type="stmt"/>
      <line num="40" count="28" type="stmt"/>
      <line num="86" count="28" type="stmt"/>
      <line num="87" count="210" type="stmt"/>
      <line num="88" count="210" type="stmt"/>
      <line num="89" count="210" type="stmt"/>
      <line num="90" count="210" type="stmt"/>
      <line num="92" count="210" type="cond" truecount="2" falsecount="0"/>
      <line num="97" count="2" type="stmt"/>
      <line num="102" count="26" type="stmt"/>
      <line num="103" count="77" type="cond" truecount="2" falsecount="0"/>
      <line num="104" count="1" type="stmt"/>
      <line num="107" count="25" type="stmt"/>
      <line num="111" count="31" type="stmt"/>
      <line num="112" count="28" type="stmt"/>
      <line num="113" count="28" type="cond" truecount="2" falsecount="0"/>
      <line num="114" count="3" type="stmt"/>
      <line num="119" count="31" type="stmt"/>
      <line num="120" count="1" type="stmt"/>
      <line num="125" count="1" type="stmt"/>
      <line num="126" count="1" type="stmt"/>
      <line num="129" count="31" type="stmt"/>
      <line num="133" count="93" type="stmt"/>
      <line num="134" count="279" type="stmt"/>
      <line num="155" count="1" type="stmt"/>
    </file>
    <file name="Cell.tsx" path="/Users/ericagugliemella/Projects/Stomping Ground/react-native/tic-tac-toe/components/Cell.tsx">
      <metrics statements="11" coveredstatements="11" conditionals="5" coveredconditionals="4" methods="2" coveredmethods="2"/>
      <line num="12" count="2" type="stmt"/>
      <line num="15" count="283" type="cond" truecount="3" falsecount="0"/>
      <line num="17" count="58" type="stmt"/>
      <line num="22" count="58" type="stmt"/>
      <line num="24" count="41" type="stmt"/>
      <line num="29" count="41" type="stmt"/>
      <line num="31" count="184" type="stmt"/>
      <line num="32" count="184" type="stmt"/>
      <line num="35" count="283" type="stmt"/>
      <line num="40" count="283" type="cond" truecount="1" falsecount="1"/>
      <line num="50" count="2" type="stmt"/>
    </file>
  </project>
</coverage>
