{"/Users/ericagugliemella/Projects/Stomping Ground/react-native/tic-tac-toe/components/Board.tsx": {"path":"/Users/ericagugliemella/Projects/Stomping Ground/react-native/tic-tac-toe/components/Board.tsx","statementMap":{"0":{"start":{"line":5,"column":14},"end":{"line":153,"column":1}},"1":{"start":{"line":6,"column":26},"end":{"line":10,"column":4}},"2":{"start":{"line":12,"column":44},"end":{"line":12,"column":68}},"3":{"start":{"line":13,"column":32},"end":{"line":13,"column":52}},"4":{"start":{"line":16,"column":26},"end":{"line":23,"column":3}},"5":{"start":{"line":17,"column":4},"end":{"line":22,"column":5}},"6":{"start":{"line":18,"column":22},"end":{"line":18,"column":31}},"7":{"start":{"line":19,"column":6},"end":{"line":19,"column":40}},"8":{"start":{"line":20,"column":6},"end":{"line":20,"column":23}},"9":{"start":{"line":21,"column":6},"end":{"line":21,"column":58}},"10":{"start":{"line":26,"column":21},"end":{"line":36,"column":3}},"11":{"start":{"line":27,"column":4},"end":{"line":35,"column":6}},"12":{"start":{"line":33,"column":35},"end":{"line":33,"column":60}},"13":{"start":{"line":39,"column":22},"end":{"line":108,"column":3}},"14":{"start":{"line":40,"column":32},"end":{"line":84,"column":5}},"15":{"start":{"line":86,"column":4},"end":{"line":99,"column":5}},"16":{"start":{"line":87,"column":49},"end":{"line":87,"column":60}},"17":{"start":{"line":88,"column":27},"end":{"line":88,"column":36}},"18":{"start":{"line":89,"column":27},"end":{"line":89,"column":37}},"19":{"start":{"line":90,"column":27},"end":{"line":90,"column":36}},"20":{"start":{"line":92,"column":6},"end":{"line":98,"column":7}},"21":{"start":{"line":97,"column":8},"end":{"line":97,"column":32}},"22":{"start":{"line":102,"column":26},"end":{"line":102,"column":37}},"23":{"start":{"line":103,"column":4},"end":{"line":105,"column":5}},"24":{"start":{"line":103,"column":38},"end":{"line":103,"column":49}},"25":{"start":{"line":104,"column":6},"end":{"line":104,"column":20}},"26":{"start":{"line":107,"column":4},"end":{"line":107,"column":16}},"27":{"start":{"line":111,"column":2},"end":{"line":116,"column":13}},"28":{"start":{"line":112,"column":19},"end":{"line":112,"column":32}},"29":{"start":{"line":113,"column":4},"end":{"line":115,"column":5}},"30":{"start":{"line":114,"column":6},"end":{"line":114,"column":25}},"31":{"start":{"line":119,"column":20},"end":{"line":127,"column":3}},"32":{"start":{"line":120,"column":4},"end":{"line":124,"column":7}},"33":{"start":{"line":125,"column":4},"end":{"line":125,"column":26}},"34":{"start":{"line":126,"column":4},"end":{"line":126,"column":19}},"35":{"start":{"line":129,"column":2},"end":{"line":152,"column":4}},"36":{"start":{"line":133,"column":10},"end":{"line":135,"column":17}},"37":{"start":{"line":134,"column":36},"end":{"line":134,"column":56}},"38":{"start":{"line":155,"column":15},"end":{"line":172,"column":2}}},"fnMap":{"0":{"name":"(anonymous_0)","decl":{"start":{"line":5,"column":14},"end":{"line":5,"column":15}},"loc":{"start":{"line":5,"column":20},"end":{"line":153,"column":1}},"line":5},"1":{"name":"(anonymous_1)","decl":{"start":{"line":16,"column":26},"end":{"line":16,"column":27}},"loc":{"start":{"line":16,"column":56},"end":{"line":23,"column":3}},"line":16},"2":{"name":"(anonymous_2)","decl":{"start":{"line":26,"column":21},"end":{"line":26,"column":22}},"loc":{"start":{"line":26,"column":51},"end":{"line":36,"column":3}},"line":26},"3":{"name":"(anonymous_3)","decl":{"start":{"line":33,"column":29},"end":{"line":33,"column":30}},"loc":{"start":{"line":33,"column":35},"end":{"line":33,"column":60}},"line":33},"4":{"name":"(anonymous_4)","decl":{"start":{"line":39,"column":22},"end":{"line":39,"column":23}},"loc":{"start":{"line":39,"column":28},"end":{"line":108,"column":3}},"line":39},"5":{"name":"(anonymous_5)","decl":{"start":{"line":103,"column":28},"end":{"line":103,"column":29}},"loc":{"start":{"line":103,"column":38},"end":{"line":103,"column":49}},"line":103},"6":{"name":"(anonymous_6)","decl":{"start":{"line":111,"column":12},"end":{"line":111,"column":13}},"loc":{"start":{"line":111,"column":18},"end":{"line":116,"column":3}},"line":111},"7":{"name":"(anonymous_7)","decl":{"start":{"line":119,"column":20},"end":{"line":119,"column":21}},"loc":{"start":{"line":119,"column":32},"end":{"line":127,"column":3}},"line":119},"8":{"name":"(anonymous_8)","decl":{"start":{"line":132,"column":23},"end":{"line":132,"column":24}},"loc":{"start":{"line":133,"column":10},"end":{"line":135,"column":17}},"line":133},"9":{"name":"(anonymous_9)","decl":{"start":{"line":134,"column":27},"end":{"line":134,"column":28}},"loc":{"start":{"line":134,"column":36},"end":{"line":134,"column":56}},"line":134}},"branchMap":{"0":{"loc":{"start":{"line":17,"column":4},"end":{"line":22,"column":5}},"type":"if","locations":[{"start":{"line":17,"column":4},"end":{"line":22,"column":5}},{"start":{},"end":{}}],"line":17},"1":{"loc":{"start":{"line":21,"column":23},"end":{"line":21,"column":56}},"type":"cond-expr","locations":[{"start":{"line":21,"column":47},"end":{"line":21,"column":50}},{"start":{"line":21,"column":53},"end":{"line":21,"column":56}}],"line":21},"2":{"loc":{"start":{"line":92,"column":6},"end":{"line":98,"column":7}},"type":"if","locations":[{"start":{"line":92,"column":6},"end":{"line":98,"column":7}},{"start":{},"end":{}}],"line":92},"3":{"loc":{"start":{"line":93,"column":8},"end":{"line":95,"column":45}},"type":"binary-expr","locations":[{"start":{"line":93,"column":8},"end":{"line":93,"column":24}},{"start":{"line":94,"column":8},"end":{"line":94,"column":45}},{"start":{"line":95,"column":8},"end":{"line":95,"column":45}}],"line":93},"4":{"loc":{"start":{"line":103,"column":4},"end":{"line":105,"column":5}},"type":"if","locations":[{"start":{"line":103,"column":4},"end":{"line":105,"column":5}},{"start":{},"end":{}}],"line":103},"5":{"loc":{"start":{"line":113,"column":4},"end":{"line":115,"column":5}},"type":"if","locations":[{"start":{"line":113,"column":4},"end":{"line":115,"column":5}},{"start":{},"end":{}}],"line":113},"6":{"loc":{"start":{"line":138,"column":9},"end":{"line":149,"column":9}},"type":"binary-expr","locations":[{"start":{"line":138,"column":9},"end":{"line":138,"column":16}},{"start":{"line":139,"column":10},"end":{"line":148,"column":17}}],"line":138},"7":{"loc":{"start":{"line":141,"column":15},"end":{"line":141,"column":78}},"type":"cond-expr","locations":[{"start":{"line":141,"column":36},"end":{"line":141,"column":57}},{"start":{"line":141,"column":60},"end":{"line":141,"column":78}}],"line":141}},"s":{"0":1,"1":31,"2":31,"3":31,"4":31,"5":22,"6":21,"7":21,"8":21,"9":21,"10":31,"11":279,"12":22,"13":31,"14":28,"15":28,"16":210,"17":210,"18":210,"19":210,"20":210,"21":2,"22":26,"23":26,"24":77,"25":1,"26":25,"27":31,"28":28,"29":28,"30":3,"31":31,"32":1,"33":1,"34":1,"35":31,"36":93,"37":279,"38":1},"f":{"0":31,"1":22,"2":279,"3":22,"4":28,"5":77,"6":28,"7":1,"8":93,"9":279},"b":{"0":[21,1],"1":[13,8],"2":[2,208],"3":[210,96,22],"4":[1,25],"5":[3,25],"6":[31,3],"7":[1,2]},"_coverageSchema":"1a1c01bbd47fc00a2c39e90264f33305004495a9","hash":"9faaa03258de6a47362901e23eb6e67f9abb548e"}
,"/Users/ericagugliemella/Projects/Stomping Ground/react-native/tic-tac-toe/components/Cell.tsx": {"path":"/Users/ericagugliemella/Projects/Stomping Ground/react-native/tic-tac-toe/components/Cell.tsx","statementMap":{"0":{"start":{"line":12,"column":28},"end":{"line":48,"column":1}},"1":{"start":{"line":15,"column":2},"end":{"line":33,"column":3}},"2":{"start":{"line":17,"column":6},"end":{"line":21,"column":8}},"3":{"start":{"line":22,"column":6},"end":{"line":22,"column":12}},"4":{"start":{"line":24,"column":6},"end":{"line":28,"column":8}},"5":{"start":{"line":29,"column":6},"end":{"line":29,"column":12}},"6":{"start":{"line":31,"column":6},"end":{"line":31,"column":60}},"7":{"start":{"line":32,"column":6},"end":{"line":32,"column":12}},"8":{"start":{"line":35,"column":2},"end":{"line":47,"column":4}},"9":{"start":{"line":40,"column":10},"end":{"line":40,"column":73}},"10":{"start":{"line":50,"column":15},"end":{"line":68,"column":2}}},"fnMap":{"0":{"name":"(anonymous_0)","decl":{"start":{"line":12,"column":28},"end":{"line":12,"column":29}},"loc":{"start":{"line":12,"column":75},"end":{"line":48,"column":1}},"line":12},"1":{"name":"(anonymous_1)","decl":{"start":{"line":39,"column":15},"end":{"line":39,"column":16}},"loc":{"start":{"line":40,"column":10},"end":{"line":40,"column":73}},"line":40}},"branchMap":{"0":{"loc":{"start":{"line":15,"column":2},"end":{"line":33,"column":3}},"type":"switch","locations":[{"start":{"line":16,"column":4},"end":{"line":22,"column":12}},{"start":{"line":23,"column":4},"end":{"line":29,"column":12}},{"start":{"line":30,"column":4},"end":{"line":32,"column":12}}],"line":15},"1":{"loc":{"start":{"line":40,"column":10},"end":{"line":40,"column":73}},"type":"cond-expr","locations":[{"start":{"line":40,"column":20},"end":{"line":40,"column":54}},{"start":{"line":40,"column":57},"end":{"line":40,"column":73}}],"line":40}},"s":{"0":2,"1":283,"2":58,"3":58,"4":41,"5":41,"6":184,"7":184,"8":283,"9":283,"10":2},"f":{"0":283,"1":283},"b":{"0":[58,41,184],"1":[0,283]},"_coverageSchema":"1a1c01bbd47fc00a2c39e90264f33305004495a9","hash":"c9e48195501a3a4c78d831cfff47c18fb5120874"}
}
