TN:
SF:components/Board.tsx
FN:5,(anonymous_0)
FN:16,(anonymous_1)
FN:26,(anonymous_2)
FN:33,(anonymous_3)
FN:39,(anonymous_4)
FN:103,(anonymous_5)
FN:111,(anonymous_6)
FN:119,(anonymous_7)
FN:132,(anonymous_8)
FN:134,(anonymous_9)
FNF:10
FNH:10
FNDA:31,(anonymous_0)
FNDA:22,(anonymous_1)
FNDA:279,(anonymous_2)
FNDA:22,(anonymous_3)
FNDA:28,(anonymous_4)
FNDA:77,(anonymous_5)
FNDA:28,(anonymous_6)
FNDA:1,(anonymous_7)
FNDA:93,(anonymous_8)
FNDA:279,(anonymous_9)
DA:5,1
DA:6,31
DA:12,31
DA:13,31
DA:16,31
DA:17,22
DA:18,21
DA:19,21
DA:20,21
DA:21,21
DA:26,31
DA:27,279
DA:33,22
DA:39,31
DA:40,28
DA:86,28
DA:87,210
DA:88,210
DA:89,210
DA:90,210
DA:92,210
DA:97,2
DA:102,26
DA:103,77
DA:104,1
DA:107,25
DA:111,31
DA:112,28
DA:113,28
DA:114,3
DA:119,31
DA:120,1
DA:125,1
DA:126,1
DA:129,31
DA:133,93
DA:134,279
DA:155,1
LF:38
LH:38
BRDA:17,0,0,21
BRDA:17,0,1,1
BRDA:21,1,0,13
BRDA:21,1,1,8
BRDA:92,2,0,2
BRDA:92,2,1,208
BRDA:93,3,0,210
BRDA:93,3,1,96
BRDA:93,3,2,22
BRDA:103,4,0,1
BRDA:103,4,1,25
BRDA:113,5,0,3
BRDA:113,5,1,25
BRDA:138,6,0,31
BRDA:138,6,1,3
BRDA:141,7,0,1
BRDA:141,7,1,2
BRF:17
BRH:17
end_of_record
TN:
SF:components/Cell.tsx
FN:12,(anonymous_0)
FN:39,(anonymous_1)
FNF:2
FNH:2
FNDA:283,(anonymous_0)
FNDA:283,(anonymous_1)
DA:12,2
DA:15,283
DA:17,58
DA:22,58
DA:24,41
DA:29,41
DA:31,184
DA:32,184
DA:35,283
DA:40,283
DA:50,2
LF:11
LH:11
BRDA:15,0,0,58
BRDA:15,0,1,41
BRDA:15,0,2,184
BRDA:40,1,0,0
BRDA:40,1,1,283
BRF:5
BRH:4
end_of_record
